#
# A fatal error has been detected by the Java Runtime Environment:
#
#  Internal Error (javaClasses.cpp:136), pid=2288, tid=3512
#  fatal error: Invalid layout of preloaded class
#
# JRE version:  (7.0_45-b18) (build )
# Java VM: Java HotSpot(TM) 64-Bit Server VM (24.45-b08 mixed mode windows-amd64 compressed oops)
# Failed to write core dump. Minidumps are not enabled by default on client versions of Windows
#
# If you would like to submit a bug report, please visit:
#   http://bugreport.sun.com/bugreport/crash.jsp
#

---------------  T H R E A D  ---------------

Current thread (0x000000000220d800):  JavaThread "Unknown thread" [_thread_in_vm, id=3512, stack(0x00000000023d0000,0x00000000024d0000)]

Stack: [0x00000000023d0000,0x00000000024d0000]

---------------  P R O C E S S  ---------------

Java Threads: ( => current thread )

Other Threads:

=>0x000000000220d800 (exited) JavaThread "Unknown thread" [_thread_in_vm, id=3512, stack(0x00000000023d0000,0x00000000024d0000)]

VM state:not at safepoint (not fully initialized)

VM Mutex/Monitor currently owned by a thread: None

GC Heap History (0 events):
No events

Deoptimization events (0 events):
No events

Internal exceptions (0 events):
No events

Events (10 events):
Event: 0.013 loading class 0x00000000020c0c80 done
Event: 0.013 loading class 0x00000000020c06a0 done
Event: 0.013 loading class 0x00000000020c0680
Event: 0.014 loading class 0x00000000020c8780
Event: 0.014 loading class 0x00000000020c8780 done
Event: 0.014 loading class 0x00000000020c87b0
Event: 0.014 loading class 0x00000000020c87b0 done
Event: 0.014 loading class 0x00000000020c87e0
Event: 0.014 loading class 0x00000000020c87e0 done
Event: 0.014 loading class 0x00000000020c0680 done


Dynamic libraries:
0x000000013f140000 - 0x000000013f173000 	C:\Program Files\Java\jre7\bin\javaw.exe
0x0000000077570000 - 0x000000007771b000 	C:\Windows\SYSTEM32\ntdll.dll
0x0000000077350000 - 0x000000007746f000 	C:\Windows\system32\kernel32.dll
0x000007fefd5a0000 - 0x000007fefd60b000 	C:\Windows\system32\KERNELBASE.dll
0x000007fefded0000 - 0x000007fefdfab000 	C:\Windows\system32\ADVAPI32.dll
0x000007fefde30000 - 0x000007fefdecf000 	C:\Windows\system32\msvcrt.dll
0x000007fefe610000 - 0x000007fefe62f000 	C:\Windows\SYSTEM32\sechost.dll
0x000007fefe0e0000 - 0x000007fefe20e000 	C:\Windows\system32\RPCRT4.dll
0x0000000077470000 - 0x000000007756a000 	C:\Windows\system32\USER32.dll
0x000007fefdb60000 - 0x000007fefdbc7000 	C:\Windows\system32\GDI32.dll
0x000007fefe890000 - 0x000007fefe89e000 	C:\Windows\system32\LPK.dll
0x000007fefd970000 - 0x000007fefda3a000 	C:\Windows\system32\USP10.dll
0x000007fefbea0000 - 0x000007fefc094000 	C:\Windows\WinSxS\amd64_microsoft.windows.common-controls_6595b64144ccf1df_6.0.7600.16385_none_fa645303170382f6\COMCTL32.dll
0x000007fefdae0000 - 0x000007fefdb51000 	C:\Windows\system32\SHLWAPI.dll
0x000007fefd8a0000 - 0x000007fefd8ce000 	C:\Windows\system32\IMM32.DLL
0x000007fefe8a0000 - 0x000007fefe9a9000 	C:\Windows\system32\MSCTF.dll
0x000000006de30000 - 0x000000006df02000 	C:\Program Files\Java\jre7\bin\msvcr100.dll
0x000000006d660000 - 0x000000006de29000 	C:\Program Files\Java\jre7\bin\server\jvm.dll
0x000007fefc2a0000 - 0x000007fefc2a9000 	C:\Windows\system32\WSOCK32.dll
0x000007fefe090000 - 0x000007fefe0dd000 	C:\Windows\system32\WS2_32.dll
0x000007feff740000 - 0x000007feff748000 	C:\Windows\system32\NSI.dll
0x000007fef9db0000 - 0x000007fef9deb000 	C:\Windows\system32\WINMM.dll
0x0000000077730000 - 0x0000000077737000 	C:\Windows\system32\PSAPI.DLL
0x000000006e490000 - 0x000000006e49f000 	C:\Program Files\Java\jre7\bin\verify.dll
0x000000006e460000 - 0x000000006e488000 	C:\Program Files\Java\jre7\bin\java.dll
0x000000006e010000 - 0x000000006e025000 	C:\Program Files\Java\jre7\bin\zip.dll

VM Arguments:
jvm_args: -Dfile.encoding=Cp1252 -Xbootclasspath/p:C:\Users\feay\Downloads\adt-bundle-windows-x86_64-20131030\adt-bundle-windows-x86_64-20131030\sdk\platforms\android-19\android.jar 
java_command: com.example.factory2.ImageFileSizeReducer
Launcher Type: SUN_STANDARD

Environment Variables:
PATH=C:\Windows\system32;C:\Windows;C:\Windows\System32\Wbem;C:\Windows\System32\WindowsPowerShell\v1.0\;C:\Program Files (x86)\Java\jre7\bin;C:\Program Files (x86)\Common Files\Teleca Shared;C:\Python27\;C:\Python27\Scripts;C:\Program Files (x86)\Git\cmd;C:\Program Files (x86)\OpenSSH\bin;C:\Ruby200-x64\bin;C:\Users\feay\Downloads\adt-bundle-windows-x86_64-20131030\sdk\platform-tools;
USERNAME=feay
OS=Windows_NT
PROCESSOR_IDENTIFIER=Intel64 Family 6 Model 23 Stepping 10, GenuineIntel



---------------  S Y S T E M  ---------------

OS: Windows 7 , 64 bit Build 7600 

CPU:total 2 (2 cores per cpu, 1 threads per core) family 6 model 23 stepping 10, cmov, cx8, fxsr, mmx, sse, sse2, sse3, ssse3, sse4.1, tsc

Memory: 4k page, physical 6289384k(3384492k free), swap 12576872k(9207920k free)

vm_info: Java HotSpot(TM) 64-Bit Server VM (24.45-b08) for windows-amd64 JRE (1.7.0_45-b18), built on Oct  8 2013 05:47:22 by "java_re" with unknown MS VC++:1600

time: Mon Feb 24 23:29:57 2014
elapsed time: 0 seconds

